<?xml version="1.0" encoding="UTF-8"?>
<testsuite name="MasterMind_polMartinezKtTest" tests="1" skipped="0" failures="0" errors="0" timestamp="2023-02-05T17:24:11" hostname="DESKTOP-CFUF8N6" time="0.017">
  <properties/>
  <testcase name="checkIfInputIsg()" classname="MasterMind_polMartinezKtTest" time="0.017"/>
  <system-out><![CDATA[]]></system-out>
  <system-err><![CDATA[]]></system-err>
</testsuite>
